<?xml version="1.0" encoding="UTF-8"?>
<!-- Generated by org.testng.reporters.JUnitXMLReporter -->
<testsuite ignored="2" hostname="raghav-Acer-One-14-Z8-415" failures="0" tests="8" name="Default test" time="97.313" errors="0" timestamp="2025-01-03T18:18:52 IST">
  <testcase classname="OrangeHRMWebSite.OrangeHrmTest" name="Logo" time="1.05"/>
  <testcase classname="OrangeHRMWebSite.OrangeHrmTest" name="InvalidLogin" time="2.181"/>
  <testcase classname="OrangeHRMWebSite.OrangeHrmTest" name="ValidLogin" time="4.588"/>
  <testcase classname="OrangeHRMWebSite.OrangeHrmTest" name="PIM" time="13.2"/>
  <testcase classname="OrangeHRMWebSite.OrangeHrmTest" name="SearchByName" time="11.874"/>
  <testcase classname="OrangeHRMWebSite.OrangeHrmTest" name="DeleteEmployee" time="17.92"/>
  <testcase classname="OrangeHRMWebSite.OrangeHrmTest" name="ListOfEmployee" time="16.235"/>
  <testcase classname="OrangeHRMWebSite.OrangeHrmTest" name="applyLeave" time="21.311"/>
  <testcase classname="OrangeHRMWebSite.OrangeHrmTest" name="SearchByID" time="0.0">
    <ignored/>
  </testcase> <!-- SearchByID -->
  <testcase classname="OrangeHRMWebSite.OrangeHrmTest" name="FileUpload" time="0.0">
    <ignored/>
  </testcase> <!-- FileUpload -->
</testsuite> <!-- Default test -->
