<?xml version="1.0" encoding="UTF-8"?>
<!-- Generated by org.testng.reporters.JUnitXMLReporter -->
<testsuite ignored="9" hostname="raghav-Acer-One-14-Z8-415" failures="0" tests="3" name="Test" time="23.587" errors="0" timestamp="2024-12-27T16:21:52 IST">
  <testcase classname="OrangeHRMWebSite.OrangeHrmTest" name="applyLeave" time="17.044"/>
  <testcase classname="OrangeHRMWebSite.testclass" name="testone" time="0.002"/>
  <testcase classname="OrangeHRMWebSite.Test2" name="test2" time="0.001"/>
  <testcase classname="OrangeHRMWebSite.OrangeHrmTest" name="SearchByID" time="0.0">
    <ignored/>
  </testcase> <!-- SearchByID -->
  <testcase classname="OrangeHRMWebSite.OrangeHrmTest" name="SearchByName" time="0.0">
    <ignored/>
  </testcase> <!-- SearchByName -->
  <testcase classname="OrangeHRMWebSite.OrangeHrmTest" name="PIM" time="0.0">
    <ignored/>
  </testcase> <!-- PIM -->
  <testcase classname="OrangeHRMWebSite.OrangeHrmTest" name="DeleteEmployee" time="0.0">
    <ignored/>
  </testcase> <!-- DeleteEmployee -->
  <testcase classname="OrangeHRMWebSite.OrangeHrmTest" name="ListOfEmployee" time="0.0">
    <ignored/>
  </testcase> <!-- ListOfEmployee -->
  <testcase classname="OrangeHRMWebSite.OrangeHrmTest" name="InvalidLogin" time="0.0">
    <ignored/>
  </testcase> <!-- InvalidLogin -->
  <testcase classname="OrangeHRMWebSite.OrangeHrmTest" name="FileUpload" time="0.0">
    <ignored/>
  </testcase> <!-- FileUpload -->
  <testcase classname="OrangeHRMWebSite.OrangeHrmTest" name="Logo" time="0.0">
    <ignored/>
  </testcase> <!-- Logo -->
  <testcase classname="OrangeHRMWebSite.OrangeHrmTest" name="ValidLogin" time="0.0">
    <ignored/>
  </testcase> <!-- ValidLogin -->
</testsuite> <!-- Test -->
