<?xml version="1.0" encoding="UTF-8"?>
<testng-results ignored="0" total="1" passed="1" failed="0" skipped="0">
  <reporter-output>
  </reporter-output>
  <suite started-at="2025-01-30T19:26:16 IST" name="Default suite" finished-at="2025-01-30T19:26:28 IST" duration-ms="12564">
    <groups>
    </groups>
    <test started-at="2025-01-30T19:26:16 IST" name="Default test" finished-at="2025-01-30T19:26:28 IST" duration-ms="12564">
      <class name="AutomationDemoSite.AutomationSite">
        <test-method is-config="true" signature="Setup()[pri:0, instance:AutomationDemoSite.AutomationSite@1750fbeb]" started-at="2025-01-30T19:26:16 IST" name="Setup" finished-at="2025-01-30T19:26:20 IST" duration-ms="4240" status="PASS">
          <reporter-output>
          </reporter-output>
        </test-method> <!-- Setup -->
        <test-method signature="Test1()[pri:0, instance:AutomationDemoSite.AutomationSite@1750fbeb]" started-at="2025-01-30T19:26:20 IST" name="Test1" finished-at="2025-01-30T19:26:23 IST" duration-ms="3205" status="PASS">
          <reporter-output>
          </reporter-output>
        </test-method> <!-- Test1 -->
        <test-method is-config="true" signature="tearDown()[pri:0, instance:AutomationDemoSite.AutomationSite@1750fbeb]" started-at="2025-01-30T19:26:23 IST" name="tearDown" finished-at="2025-01-30T19:26:28 IST" duration-ms="5081" status="PASS">
          <reporter-output>
          </reporter-output>
        </test-method> <!-- tearDown -->
      </class> <!-- AutomationDemoSite.AutomationSite -->
    </test> <!-- Default test -->
  </suite> <!-- Default suite -->
</testng-results>
